2024-03-16 09:22:46,086 [INFO] Activator:176 - 


2024-03-16 09:22:46,103 [INFO] Activator:177 - !SESSION log4j initialized
2024-03-16 09:23:04,127 [INFO] LogOutputStream:77 - [STDOUT_REDIRECT] 
2024-03-16 09:23:08,876 [INFO] ApplicationProperties:184 - Using Application install path: C:\ST\STM32CubeIDE_1.14.1\STM32CubeIDE\plugins\com.st.stm32cube.common.mx_6.10.0.202311202037
2024-03-16 09:23:08,933 [INFO] DbMcusXml:78 - Set database path to: C:\ST\STM32CubeIDE_1.14.1\STM32CubeIDE\plugins\com.st.stm32cube.common.mx_6.10.0.202311202037\\db\/mcu/
2024-03-16 09:23:08,934 [INFO] ApiDb:274 - Set plugin database path to: C:\ST\STM32CubeIDE_1.14.1\STM32CubeIDE\plugins\com.st.stm32cube.common.mx_6.10.0.202311202037\\db\/plugins/boardmanager/
2024-03-16 09:23:08,935 [WARN] ApiDb:259 - Overriding images path with different value:  => C:\ST\STM32CubeIDE_1.14.1\STM32CubeIDE\plugins\com.st.stm32cube.common.mx_6.10.0.202311202037\\db\/plugins/mcufinder/images/
2024-03-16 09:23:08,999 [INFO] ApiDb:250 - Set database path to: C:\Users\HP\.stmcufinder\plugins\mcufinder//mcu/
2024-03-16 09:23:09,001 [INFO] DbMcusAds:125 - Set database path to: C:\Users\HP\.stmcufinder\plugins\mcufinder//mcu/
2024-03-16 09:23:09,003 [INFO] CrossReferenceDbSqlite:203 - Set database path to: C:\Users\HP\.stmcufinder\plugins\mcufinder//mcu/cs/
2024-03-16 09:23:09,327 [INFO] RulesReader:64 - Compatibility file has been processed (297 Rules)
2024-03-16 09:23:09,568 [INFO] DbMcusXml:78 - Set database path to: C:\ST\STM32CubeIDE_1.14.1\STM32CubeIDE\plugins\com.st.stm32cube.common.mx_6.10.0.202311202037\\db\/mcu/
2024-03-16 09:23:09,568 [INFO] ApiDb:274 - Set plugin database path to: C:\ST\STM32CubeIDE_1.14.1\STM32CubeIDE\plugins\com.st.stm32cube.common.mx_6.10.0.202311202037\\db\/plugins/boardmanager/
2024-03-16 09:23:09,568 [INFO] ApiDb:261 - Set plugin images path to: C:\ST\STM32CubeIDE_1.14.1\STM32CubeIDE\plugins\com.st.stm32cube.common.mx_6.10.0.202311202037\\db\/plugins/mcufinder/images/
2024-03-16 09:23:09,569 [WARN] DbFile:41 - Overriding database path with different value: C:\Users\HP\.stmcufinder\plugins\mcufinder/ => C:\Users\HP\.stmcufinder\plugins\mcufinder
2024-03-16 09:23:09,569 [INFO] ApiDb:250 - Set database path to: C:\Users\HP\.stmcufinder\plugins\mcufinder//mcu/
2024-03-16 09:23:09,569 [WARN] DbFile:41 - Overriding database path with different value: C:\Users\HP\.stmcufinder\plugins\mcufinder/ => C:\Users\HP\.stmcufinder\plugins\mcufinder
2024-03-16 09:23:09,569 [INFO] DbMcusAds:125 - Set database path to: C:\Users\HP\.stmcufinder\plugins\mcufinder//mcu/
2024-03-16 09:23:09,570 [WARN] DbFile:41 - Overriding database path with different value: C:\Users\HP\.stmcufinder\plugins\mcufinder/ => C:\Users\HP\.stmcufinder\plugins\mcufinder
2024-03-16 09:23:09,570 [WARN] DbFile:41 - Overriding database path with different value: C:\Users\HP\.stmcufinder\plugins\mcufinder/ => C:\Users\HP\.stmcufinder\plugins\mcufinder
2024-03-16 09:23:09,570 [INFO] CrossReferenceDbSqlite:203 - Set database path to: C:\Users\HP\.stmcufinder\plugins\mcufinder//mcu/cs/
2024-03-16 09:23:09,864 [INFO] MainPanel:264 - HeapMemory: 268435456
2024-03-16 09:23:10,111 [INFO] DbMcusXml:78 - Set database path to: C:\ST\STM32CubeIDE_1.14.1\STM32CubeIDE\plugins\com.st.stm32cube.common.mx_6.10.0.202311202037\\db\/mcu/
2024-03-16 09:23:10,112 [INFO] ApiDb:274 - Set plugin database path to: C:\ST\STM32CubeIDE_1.14.1\STM32CubeIDE\plugins\com.st.stm32cube.common.mx_6.10.0.202311202037\\db\/plugins/boardmanager/
2024-03-16 09:23:10,112 [INFO] ApiDb:261 - Set plugin images path to: C:\ST\STM32CubeIDE_1.14.1\STM32CubeIDE\plugins\com.st.stm32cube.common.mx_6.10.0.202311202037\\db\/plugins/mcufinder/images/
2024-03-16 09:23:10,113 [WARN] DbFile:41 - Overriding database path with different value: C:\Users\HP\.stmcufinder\plugins\mcufinder/ => C:\Users\HP\.stmcufinder\plugins\mcufinder
2024-03-16 09:23:10,113 [INFO] ApiDb:250 - Set database path to: C:\Users\HP\.stmcufinder\plugins\mcufinder//mcu/
2024-03-16 09:23:10,113 [WARN] DbFile:41 - Overriding database path with different value: C:\Users\HP\.stmcufinder\plugins\mcufinder/ => C:\Users\HP\.stmcufinder\plugins\mcufinder
2024-03-16 09:23:10,113 [INFO] DbMcusAds:125 - Set database path to: C:\Users\HP\.stmcufinder\plugins\mcufinder//mcu/
2024-03-16 09:23:10,113 [WARN] DbFile:41 - Overriding database path with different value: C:\Users\HP\.stmcufinder\plugins\mcufinder/ => C:\Users\HP\.stmcufinder\plugins\mcufinder
2024-03-16 09:23:10,114 [WARN] DbFile:41 - Overriding database path with different value: C:\Users\HP\.stmcufinder\plugins\mcufinder/ => C:\Users\HP\.stmcufinder\plugins\mcufinder
2024-03-16 09:23:10,114 [INFO] CrossReferenceDbSqlite:203 - Set database path to: C:\Users\HP\.stmcufinder\plugins\mcufinder//mcu/cs/
2024-03-16 09:23:10,151 [INFO] ApplicationProperties:184 - Using Application install path: C:\ST\STM32CubeIDE_1.14.1\STM32CubeIDE\plugins\com.st.stm32cube.common.mx_6.10.0.202311202037
2024-03-16 09:23:10,154 [INFO] PluginManage:196 - Search for loadable plugins [exclusion list=, ]
2024-03-16 09:23:10,157 [INFO] PluginManage:310 - Check plugin analytics
2024-03-16 09:23:10,750 [INFO] AnalyticsPlugin:253 - Accepted Software Licenses: 
2024-03-16 09:23:10,750 [INFO] AnalyticsPlugin:255 - Accepted CMSIS Pack Licenses: 
2024-03-16 09:23:10,751 [INFO] AnalyticsPlugin:257 - Accepted Firmware Licenses: 
2024-03-16 09:23:10,755 [INFO] PluginManage:359 - Loaded plugin analytics (category:tool,tabindex:-1)
2024-03-16 09:23:10,757 [INFO] PluginManage:310 - Check plugin cadmodel
2024-03-16 09:23:10,820 [INFO] CADModel:105 - Init CAD model plugin
2024-03-16 09:23:10,820 [INFO] PluginManage:359 - Loaded plugin cadmodel (category:power,tabindex:5)
2024-03-16 09:23:10,821 [INFO] PluginManage:310 - Check plugin clock
2024-03-16 09:23:10,872 [INFO] PluginManage:359 - Loaded plugin clock (category:base,tabindex:2)
2024-03-16 09:23:10,872 [INFO] PluginManage:310 - Check plugin ddr
2024-03-16 09:23:10,885 [INFO] PluginManage:359 - Loaded plugin ddr (category:tool,tabindex:6)
2024-03-16 09:23:10,886 [INFO] PluginManage:310 - Check plugin filemanager
2024-03-16 09:23:11,299 [INFO] PluginManage:359 - Loaded plugin filemanager (category:base,tabindex:10)
2024-03-16 09:23:11,299 [INFO] PluginManage:310 - Check plugin ipmanager
2024-03-16 09:23:11,350 [INFO] PluginManage:359 - Loaded plugin ipmanager (category:base,tabindex:5)
2024-03-16 09:23:11,350 [INFO] PluginManage:310 - Check plugin lpbam
2024-03-16 09:23:11,404 [INFO] PluginManage:359 - Loaded plugin lpbam (category:base,tabindex:0)
2024-03-16 09:23:11,405 [INFO] PluginManage:310 - Check plugin memorymap
2024-03-16 09:23:11,527 [INFO] PluginManage:359 - Loaded plugin memorymap (category:base,tabindex:4)
2024-03-16 09:23:11,528 [INFO] PluginManage:310 - Check plugin pinoutandconfiguration
2024-03-16 09:23:11,657 [INFO] PluginManage:359 - Loaded plugin pinoutandconfiguration (category:base,tabindex:1)
2024-03-16 09:23:11,657 [INFO] PluginManage:310 - Check plugin pinoutconfig
2024-03-16 09:23:12,022 [WARN] SupportedApi:132 - Cannot load RTOS API schema: s4s-elt-must-match.1: The content of 'definitions' must match (annotation?, (simpleType | complexType)?, (unique | key | keyref)*)). A problem was found starting at: attribute.
2024-03-16 09:23:12,373 [INFO] PluginManage:359 - Loaded plugin pinoutconfig (category:base,tabindex:0)
2024-03-16 09:23:12,374 [INFO] PluginManage:310 - Check plugin power
2024-03-16 09:23:12,475 [INFO] PluginManage:359 - Loaded plugin power (category:power,tabindex:4)
2024-03-16 09:23:12,476 [INFO] PluginManage:310 - Check plugin projectmanager
2024-03-16 09:23:12,584 [INFO] PluginManage:359 - Loaded plugin projectmanager (category:projectmanager,tabindex:3)
2024-03-16 09:23:12,586 [INFO] PluginManage:310 - Check plugin thirdparty
2024-03-16 09:23:13,300 [INFO] PluginManage:359 - Loaded plugin thirdparty (category:base,tabindex:-1)
2024-03-16 09:23:13,299 [WARN] IntegrityCheckThread:84 - waiting for thirdparty lock release [integrity check]
2024-03-16 09:23:13,300 [INFO] PluginManage:310 - Check plugin tools
2024-03-16 09:23:13,300 [INFO] IntegrityCheckThread:86 - entering critical section [integrity check]
2024-03-16 09:23:13,301 [INFO] ThirdPartyUpdaterWithRetryManager:70 - Updater plugin not ready yet. [1/15]
2024-03-16 09:23:13,383 [INFO] PluginManage:359 - Loaded plugin tools (category:base,tabindex:7)
2024-03-16 09:23:13,383 [INFO] PluginManage:310 - Check plugin tutovideos
2024-03-16 09:23:14,004 [INFO] PluginManage:359 - Loaded plugin tutovideos (category:base,tabindex:-1)
2024-03-16 09:23:14,004 [INFO] PluginManage:310 - Check plugin updater
2024-03-16 09:23:14,044 [INFO] PluginManage:359 - Loaded plugin updater (category:base,tabindex:12)
2024-03-16 09:23:14,044 [INFO] PluginManage:310 - Check plugin userauth
2024-03-16 09:23:14,069 [INFO] UserAuth:114 - Init User Auth plugin
2024-03-16 09:23:14,069 [INFO] PluginManage:359 - Loaded plugin userauth (category:base,tabindex:14)
2024-03-16 09:23:14,070 [INFO] PluginManage:283 - PluginManage : Loaded plugins [17]
2024-03-16 09:23:14,856 [INFO] PinOutPanel:1499 - setPackage(No Configuration,No Configuration)
2024-03-16 09:23:15,336 [INFO] CADModel:165 - CPN selected for project level
2024-03-16 09:23:15,336 [INFO] CADModel:114 - Register for checkConnection events
2024-03-16 09:23:15,421 [INFO] IPUIPlugin:80 - create IPUIPlugin
2024-03-16 09:23:15,421 [INFO] PluginManager:220 - loadIPPluginJar : add adc
2024-03-16 09:23:15,474 [INFO] IPUIPlugin:80 - create IPUIPlugin
2024-03-16 09:23:15,474 [INFO] PluginManager:220 - loadIPPluginJar : add aes
2024-03-16 09:23:15,538 [INFO] IPUIPlugin:80 - create IPUIPlugin
2024-03-16 09:23:15,538 [INFO] PluginManager:220 - loadIPPluginJar : add can
2024-03-16 09:23:15,605 [INFO] IPUIPlugin:80 - create IPUIPlugin
2024-03-16 09:23:15,606 [INFO] PluginManager:220 - loadIPPluginJar : add comp
2024-03-16 09:23:15,675 [INFO] IPUIPlugin:80 - create IPUIPlugin
2024-03-16 09:23:15,675 [INFO] PluginManager:220 - loadIPPluginJar : add cryp
2024-03-16 09:23:15,720 [INFO] IPUIPlugin:80 - create IPUIPlugin
2024-03-16 09:23:15,720 [INFO] PluginManager:220 - loadIPPluginJar : add dfsdm
2024-03-16 09:23:15,750 [INFO] IPUIPlugin:80 - create IPUIPlugin
2024-03-16 09:23:15,751 [INFO] PluginManager:220 - loadIPPluginJar : add dma
2024-03-16 09:23:15,808 [INFO] IPUIPlugin:80 - create IPUIPlugin
2024-03-16 09:23:15,808 [INFO] PluginManager:220 - loadIPPluginJar : add dma3
2024-03-16 09:23:15,835 [INFO] IPUIPlugin:80 - create IPUIPlugin
2024-03-16 09:23:15,835 [INFO] PluginManager:220 - loadIPPluginJar : add fatfs
2024-03-16 09:23:15,908 [INFO] IPUIPlugin:80 - create IPUIPlugin
2024-03-16 09:23:15,908 [INFO] PluginManager:220 - loadIPPluginJar : add fmc
2024-03-16 09:23:15,928 [INFO] IPUIPlugin:80 - create IPUIPlugin
2024-03-16 09:23:15,929 [INFO] PluginManager:220 - loadIPPluginJar : add freertos
2024-03-16 09:23:15,953 [INFO] IPUIPlugin:80 - create IPUIPlugin
2024-03-16 09:23:15,953 [INFO] PluginManager:220 - loadIPPluginJar : add genericplugin
2024-03-16 09:23:16,088 [INFO] IPUIPlugin:80 - create IPUIPlugin
2024-03-16 09:23:16,089 [INFO] PluginManager:220 - loadIPPluginJar : add gfxmmu
2024-03-16 09:23:16,304 [INFO] ThirdPartyUpdaterWithRetryManager:70 - Updater plugin not ready yet. [2/15]
2024-03-16 09:23:16,372 [INFO] IPUIPlugin:80 - create IPUIPlugin
2024-03-16 09:23:16,372 [INFO] PluginManager:220 - loadIPPluginJar : add gic
2024-03-16 09:23:16,393 [INFO] IPUIPlugin:80 - create IPUIPlugin
2024-03-16 09:23:16,394 [INFO] PluginManager:220 - loadIPPluginJar : add gpio
2024-03-16 09:23:16,597 [INFO] IPUIPlugin:80 - create IPUIPlugin
2024-03-16 09:23:16,597 [INFO] PluginManager:220 - loadIPPluginJar : add gtzc
2024-03-16 09:23:17,023 [INFO] IPUIPlugin:80 - create IPUIPlugin
2024-03-16 09:23:17,023 [INFO] PluginManager:220 - loadIPPluginJar : add hash
2024-03-16 09:23:17,144 [INFO] IPUIPlugin:80 - create IPUIPlugin
2024-03-16 09:23:17,145 [INFO] PluginManager:220 - loadIPPluginJar : add i2c
2024-03-16 09:23:17,203 [INFO] IPUIPlugin:80 - create IPUIPlugin
2024-03-16 09:23:17,203 [INFO] PluginManager:220 - loadIPPluginJar : add i2s
2024-03-16 09:23:17,264 [INFO] IPUIPlugin:80 - create IPUIPlugin
2024-03-16 09:23:17,265 [INFO] PluginManager:220 - loadIPPluginJar : add i3c
2024-03-16 09:23:17,424 [INFO] IPUIPlugin:80 - create IPUIPlugin
2024-03-16 09:23:17,424 [INFO] PluginManager:220 - loadIPPluginJar : add ipddr
2024-03-16 09:23:17,568 [INFO] IPUIPlugin:80 - create IPUIPlugin
2024-03-16 09:23:17,568 [INFO] PluginManager:220 - loadIPPluginJar : add linkedlist
2024-03-16 09:23:17,633 [INFO] IPUIPlugin:80 - create IPUIPlugin
2024-03-16 09:23:17,633 [INFO] PluginManager:220 - loadIPPluginJar : add lorawan
2024-03-16 09:23:17,690 [INFO] IPUIPlugin:80 - create IPUIPlugin
2024-03-16 09:23:17,690 [INFO] PluginManager:220 - loadIPPluginJar : add ltdc
2024-03-16 09:23:17,722 [INFO] IPUIPlugin:80 - create IPUIPlugin
2024-03-16 09:23:17,722 [INFO] PluginManager:220 - loadIPPluginJar : add mdma
2024-03-16 09:23:17,737 [INFO] IPUIPlugin:80 - create IPUIPlugin
2024-03-16 09:23:17,737 [INFO] PluginManager:220 - loadIPPluginJar : add nvic
2024-03-16 09:23:17,804 [INFO] IPUIPlugin:80 - create IPUIPlugin
2024-03-16 09:23:17,804 [INFO] PluginManager:220 - loadIPPluginJar : add opamp
2024-03-16 09:23:17,918 [INFO] IPUIPlugin:80 - create IPUIPlugin
2024-03-16 09:23:17,918 [INFO] PluginManager:220 - loadIPPluginJar : add openamp
2024-03-16 09:23:17,985 [INFO] IPUIPlugin:80 - create IPUIPlugin
2024-03-16 09:23:17,985 [INFO] PluginManager:220 - loadIPPluginJar : add pdm2pcm
2024-03-16 09:23:18,011 [INFO] IPUIPlugin:80 - create IPUIPlugin
2024-03-16 09:23:18,014 [INFO] PluginManager:220 - loadIPPluginJar : add plateformsettings
2024-03-16 09:23:18,042 [INFO] IPUIPlugin:80 - create IPUIPlugin
2024-03-16 09:23:18,042 [INFO] PluginManager:220 - loadIPPluginJar : add quadspi
2024-03-16 09:23:18,080 [INFO] IPUIPlugin:80 - create IPUIPlugin
2024-03-16 09:23:18,080 [INFO] PluginManager:220 - loadIPPluginJar : add resmgrutility
2024-03-16 09:23:18,153 [INFO] IPUIPlugin:80 - create IPUIPlugin
2024-03-16 09:23:18,153 [INFO] PluginManager:220 - loadIPPluginJar : add sai
2024-03-16 09:23:18,224 [INFO] IPUIPlugin:80 - create IPUIPlugin
2024-03-16 09:23:18,224 [INFO] PluginManager:220 - loadIPPluginJar : add spi
2024-03-16 09:23:18,332 [INFO] IPUIPlugin:80 - create IPUIPlugin
2024-03-16 09:23:18,332 [INFO] PluginManager:220 - loadIPPluginJar : add stm32_wpan
2024-03-16 09:23:18,372 [INFO] IPUIPlugin:80 - create IPUIPlugin
2024-03-16 09:23:18,372 [INFO] PluginManager:220 - loadIPPluginJar : add tim
2024-03-16 09:23:18,446 [INFO] IPUIPlugin:80 - create IPUIPlugin
2024-03-16 09:23:18,446 [INFO] PluginManager:220 - loadIPPluginJar : add touchsensing
2024-03-16 09:23:18,483 [INFO] IPUIPlugin:80 - create IPUIPlugin
2024-03-16 09:23:18,484 [INFO] PluginManager:220 - loadIPPluginJar : add tracer_emb
2024-03-16 09:23:18,519 [INFO] IPUIPlugin:80 - create IPUIPlugin
2024-03-16 09:23:18,519 [INFO] PluginManager:220 - loadIPPluginJar : add ts
2024-03-16 09:23:18,552 [INFO] IPUIPlugin:80 - create IPUIPlugin
2024-03-16 09:23:18,552 [INFO] PluginManager:220 - loadIPPluginJar : add tsc
2024-03-16 09:23:18,586 [INFO] IPUIPlugin:80 - create IPUIPlugin
2024-03-16 09:23:18,586 [INFO] PluginManager:220 - loadIPPluginJar : add ucpd
2024-03-16 09:23:18,657 [INFO] IPUIPlugin:80 - create IPUIPlugin
2024-03-16 09:23:18,657 [INFO] PluginManager:220 - loadIPPluginJar : add usart
2024-03-16 09:23:18,712 [INFO] IPUIPlugin:80 - create IPUIPlugin
2024-03-16 09:23:18,712 [INFO] PluginManager:220 - loadIPPluginJar : add usbx
2024-03-16 09:23:18,915 [INFO] CADModel:165 - CPN selected for project level
2024-03-16 09:23:18,915 [INFO] CADModel:114 - Register for checkConnection events
2024-03-16 09:23:18,916 [FATAL] Updater:308 - Updater called before beeing initialized
2024-03-16 09:23:18,916 [ERROR] CADModel:125 - Updater not yet initialized, retry later 
2024-03-16 09:23:19,306 [INFO] ThirdPartyUpdaterWithRetryManager:70 - Updater plugin not ready yet. [3/15]
2024-03-16 09:23:19,499 [INFO] CADModel:165 - CPN selected for project level
2024-03-16 09:23:19,500 [INFO] CADModel:114 - Register for checkConnection events
2024-03-16 09:23:19,500 [FATAL] Updater:308 - Updater called before beeing initialized
2024-03-16 09:23:19,500 [ERROR] CADModel:125 - Updater not yet initialized, retry later 
2024-03-16 09:23:19,505 [FATAL] Updater:308 - Updater called before beeing initialized
2024-03-16 09:23:19,771 [FATAL] Updater:308 - Updater called before beeing initialized
2024-03-16 09:23:19,782 [INFO] DbMcusAds:53 - JSON generation date=Wed Nov 29 16:22:27 IST 2023 (1701255147349)
2024-03-16 09:23:19,782 [FATAL] Updater:308 - Updater called before beeing initialized
2024-03-16 09:23:19,981 [WARN] DetailPanel:346 - Failed to get advertising image, set to default
2024-03-16 09:23:20,175 [FATAL] Updater:308 - Updater called before beeing initialized
2024-03-16 09:23:20,179 [FATAL] Updater:308 - Updater called before beeing initialized
2024-03-16 09:23:20,179 [FATAL] Updater:308 - Updater called before beeing initialized
2024-03-16 09:23:20,180 [WARN] DetailPanel:346 - Failed to get advertising image, set to default
2024-03-16 09:23:20,181 [FATAL] Updater:308 - Updater called before beeing initialized
2024-03-16 09:23:20,333 [ERROR] Updater:1120 - MainUpdater not yet initialized. External WinMGr cannot be set.
2024-03-16 09:23:20,350 [INFO] Updater:1056 - Updater Version found : 6.10.0
2024-03-16 09:23:20,387 [INFO] ApplicationProperties:184 - Using Application install path: C:\ST\STM32CubeIDE_1.14.1\STM32CubeIDE\plugins\com.st.stm32cube.common.mx_6.10.0.202311202037
2024-03-16 09:23:22,035 [ERROR] LogOutputStream:75 - [STDERR_REDIRECT] Mar 16, 2024 9:23:22 AM java.util.prefs.WindowsPreferences <init>
2024-03-16 09:23:22,037 [ERROR] LogOutputStream:75 - [STDERR_REDIRECT] WARNING: Could not open/create prefs root node Software\JavaSoft\Prefs at root 0xffffffff80000002. Windows RegCreateKeyEx(...) returned error code 5.
2024-03-16 09:23:22,037 [ERROR] LogOutputStream:75 - [STDERR_REDIRECT] 
2024-03-16 09:23:22,307 [FATAL] Updater:308 - Updater called before beeing initialized
2024-03-16 09:23:22,308 [ERROR] IntegrityCheckThread:130 - Cannot retrieve database content from updater: error 21
2024-03-16 09:23:22,309 [INFO] ThirdParty:978 - Integrity check success = false
2024-03-16 09:23:22,309 [INFO] IntegrityCheckThread:100 - exiting critical section [integrity check]
2024-03-16 09:23:22,309 [INFO] IntegrityCheckThread:103 - End integrity checks thread
2024-03-16 09:23:22,715 [INFO] MainUpdater:2873 - connection check result : 10
2024-03-16 09:23:22,716 [INFO] MainUpdater:290 - Updater Check For Update Now.
2024-03-16 09:23:22,716 [INFO] MicroXplorer:498 - Change Database Version : DB.6.0.100
2024-03-16 09:23:22,767 [INFO] McuFinderGlobals:63 - Set McuFinder mode to 2 (CubeIDE integrated)
2024-03-16 09:23:22,768 [INFO] UserAuth:180 - activating auth plugin
2024-03-16 09:23:22,782 [INFO] UserAuth:404 - Internet connection configuration mode: 1
2024-03-16 09:23:23,005 [INFO] JxBrowserEngine:152 - Initiate JxBrowser Engine with user profile folder
2024-03-16 09:23:23,101 [INFO] CheckServerUpdateThread:120 - End of CheckServer Thread
2024-03-16 09:23:43,238 [INFO] WebApp:161 - Instantiating new browser for Auth
2024-03-16 09:23:48,218 [INFO] WebApp:780 - Register for checkConnection events
2024-03-16 09:23:48,218 [INFO] WebApp:414 - Apply proxy settings
2024-03-16 09:23:48,219 [INFO] WebApp:499 - Chromium requires no authentication
2024-03-16 09:23:48,235 [INFO] WebApp:442 - Direct internet connection detected
2024-03-16 09:23:48,676 [INFO] WebApp:192 - Starting web application
2024-03-16 09:23:48,677 [INFO] WebApp:544 - Web application path used C:\ST\STM32CubeIDE_1.14.1\STM32CubeIDE\plugins\com.st.stm32cube.common.mx_6.10.0.202311202037\db\plugins\mcufinder\reactClient1\index.html
2024-03-16 09:24:13,547 [ERROR] LogOutputStream:75 - [STDERR_REDIRECT] SLF4J: Failed to load class "org.slf4j.impl.StaticLoggerBinder".
2024-03-16 09:24:13,549 [ERROR] LogOutputStream:75 - [STDERR_REDIRECT] SLF4J: Defaulting to no-operation (NOP) logger implementation
2024-03-16 09:24:13,551 [ERROR] LogOutputStream:75 - [STDERR_REDIRECT] SLF4J: See http://www.slf4j.org/codes.html#StaticLoggerBinder for further details.
2024-03-16 17:22:40,414 [ERROR] LogOutputStream:75 - [STDERR_REDIRECT] 
2024-03-16 17:22:40,415 [ERROR] LogOutputStream:75 - [STDERR_REDIRECT] 
